<?xml version="1.0" encoding="UTF-8"?>
<!-- Generated by org.testng.reporters.JUnitReportReporter -->
<testsuite hostname="ASDP1727PO02529" name="com.qait.automation.mail.keywords.HomePageActions" tests="1" failures="0" timestamp="2 Aug 2017 03:27:09 GMT" time="0.073" errors="0">
  <testcase name="ReadYamlFile" time="0.073" classname="com.qait.automation.mail.keywords.HomePageActions"/>
</testsuite> <!-- com.qait.automation.mail.keywords.HomePageActions -->
